2016-08-15 12:26:01,449::INFO::[SABnzbd:1243] --------------------------------
2016-08-15 12:26:01,450::INFO::[SABnzbd:1244] SABnzbd.py-1.0.x (rev=unknown)
2016-08-15 12:26:01,451::INFO::[SABnzbd:1245] Full executable path = /sabnzbd/SABnzbd.py
2016-08-15 12:26:01,453::INFO::[SABnzbd:1257] Platform = posix
2016-08-15 12:26:01,454::INFO::[SABnzbd:1258] Python-version = 2.7.12 (default, Jun 29 2016, 08:57:23) 
[GCC 5.3.0]
2016-08-15 12:26:01,456::INFO::[SABnzbd:1259] Arguments = ./SABnzbd.py -b 0 -f /datadir/config.ini -s 0.0.0.0:8080
2016-08-15 12:26:01,457::INFO::[SABnzbd:1261] Preferred encoding = UTF-8
2016-08-15 12:26:01,458::INFO::[SABnzbd:1309] Read INI file /datadir/config.ini
2016-08-15 12:26:01,459::INFO::[misc:434] download_dir directory: /datadir/Downloads/incomplete does not exist, try to create it
2016-08-15 12:26:01,466::INFO::[__init__:965] Loading data for queue9.sab from /datadir/admin/queue9.sab
2016-08-15 12:26:01,467::INFO::[__init__:968] /datadir/admin/queue9.sab missing
2016-08-15 12:26:01,469::INFO::[__init__:965] Loading data for queue8.sab from /datadir/admin/queue8.sab
2016-08-15 12:26:01,470::INFO::[__init__:968] /datadir/admin/queue8.sab missing
2016-08-15 12:26:01,471::INFO::[__init__:965] Loading data for queue7.sab from /datadir/admin/queue7.sab
2016-08-15 12:26:01,473::INFO::[__init__:968] /datadir/admin/queue7.sab missing
2016-08-15 12:26:01,682::INFO::[__init__:965] Loading data for rss_data.sab from /datadir/admin/rss_data.sab
2016-08-15 12:26:01,685::INFO::[__init__:968] /datadir/admin/rss_data.sab missing
2016-08-15 12:26:01,688::INFO::[__init__:965] Loading data for totals10.sab from /datadir/admin/totals10.sab
2016-08-15 12:26:01,690::INFO::[__init__:968] /datadir/admin/totals10.sab missing
2016-08-15 12:26:01,692::INFO::[__init__:965] Loading data for totals9.sab from /datadir/admin/totals9.sab
2016-08-15 12:26:01,694::INFO::[__init__:968] /datadir/admin/totals9.sab missing
2016-08-15 12:26:01,718::INFO::[postproc:89] Loading postproc queue
2016-08-15 12:26:01,720::INFO::[__init__:965] Loading data for postproc2.sab from /datadir/admin/postproc2.sab
2016-08-15 12:26:01,721::INFO::[__init__:968] /datadir/admin/postproc2.sab missing
2016-08-15 12:26:01,723::INFO::[__init__:965] Loading data for queue10.sab from /datadir/admin/queue10.sab
2016-08-15 12:26:01,725::INFO::[__init__:968] /datadir/admin/queue10.sab missing
2016-08-15 12:26:01,727::INFO::[__init__:965] Loading data for queue9.sab from /datadir/admin/queue9.sab
2016-08-15 12:26:01,728::INFO::[__init__:968] /datadir/admin/queue9.sab missing
2016-08-15 12:26:01,730::INFO::[__init__:965] Loading data for watched_data2.sab from /datadir/admin/watched_data2.sab
2016-08-15 12:26:01,732::INFO::[__init__:968] /datadir/admin/watched_data2.sab missing
2016-08-15 12:26:01,733::INFO::[__init__:965] Loading data for Rating.sab from /datadir/admin/Rating.sab
2016-08-15 12:26:01,735::INFO::[__init__:968] /datadir/admin/Rating.sab missing
2016-08-15 12:26:01,736::INFO::[scheduler:190] Setting schedule for midnight BPS reset
2016-08-15 12:26:01,737::INFO::[downloader:241] Resuming
2016-08-15 12:26:01,754::INFO::[__init__:350] All processes started
2016-08-15 12:26:01,755::INFO::[SABnzbd:355] Web dir is /sabnzbd/interfaces/Glitter
2016-08-15 12:26:01,756::INFO::[SABnzbd:355] Web dir is /sabnzbd/interfaces/Config
2016-08-15 12:26:01,781::INFO::[SABnzbd:488] _yenc module... NOT found!
2016-08-15 12:26:01,782::ERROR::[SABnzbd:493] par2 binary... NOT found!
2016-08-15 12:26:01,783::INFO::[SABnzbd:499] UNRAR binary... found (/usr/bin/unrar)
2016-08-15 12:26:01,785::INFO::[SABnzbd:505] unzip binary... found (/usr/bin/unzip)
2016-08-15 12:26:01,786::INFO::[SABnzbd:514] 7za binary... NOT found!
2016-08-15 12:26:01,788::INFO::[SABnzbd:518] nice binary... found (/bin/nice)
2016-08-15 12:26:01,789::INFO::[SABnzbd:522] ionice binary... found (/bin/ionice)
2016-08-15 12:26:01,790::INFO::[SABnzbd:529] pyOpenSSL... NOT found! - Try apt-get install python-openssl (SSL is optional)
2016-08-15 12:26:01,791::INFO::[SABnzbd:1372] SSL version None
2016-08-15 12:26:01,793::INFO::[SABnzbd:1373] pyOpenSSL version None
2016-08-15 12:26:01,794::INFO::[SABnzbd:1374] SSL potentially supported protocols ['SSLv2', 'SSLv23', 'SSLv3', 'TLSv1', 'TLSv1_1', 'TLSv1_2']
2016-08-15 12:26:01,795::INFO::[SABnzbd:1375] SSL actually supported protocols []
2016-08-15 12:26:01,797::INFO::[SABnzbd:1522] Starting web-interface on 0.0.0.0:8080
2016-08-15 12:26:01,799::INFO::[_cplogging:216] [15/Aug/2016:12:26:01] ENGINE Bus STARTING
2016-08-15 12:26:01,802::INFO::[_cplogging:216] [15/Aug/2016:12:26:01] ENGINE Started monitor thread '_TimeoutMonitor'.
2016-08-15 12:26:01,905::INFO::[_cplogging:216] [15/Aug/2016:12:26:01] ENGINE Serving on http://0.0.0.0:8080
2016-08-15 12:26:01,908::INFO::[_cplogging:216] [15/Aug/2016:12:26:01] ENGINE Bus STARTED
2016-08-15 12:26:01,910::INFO::[zconfig:64] No Bonjour/ZeroConfig support installed
2016-08-15 12:26:01,913::INFO::[SABnzbd:1594] Starting SABnzbd.py-1.0.x
2016-08-15 12:26:01,916::INFO::[dirscanner:302] Dirscanner starting up
2016-08-15 12:26:01,917::INFO::[urlgrabber:69] URLGrabber starting up
2016-08-15 12:26:43,097::INFO::[SABnzbd:1243] --------------------------------
2016-08-15 12:26:43,098::INFO::[SABnzbd:1244] SABnzbd.py-1.0.x (rev=unknown)
2016-08-15 12:26:43,099::INFO::[SABnzbd:1245] Full executable path = /sabnzbd/SABnzbd.py
2016-08-15 12:26:43,100::INFO::[SABnzbd:1257] Platform = posix
2016-08-15 12:26:43,101::INFO::[SABnzbd:1258] Python-version = 2.7.12 (default, Jun 29 2016, 08:57:23) 
[GCC 5.3.0]
2016-08-15 12:26:43,102::INFO::[SABnzbd:1259] Arguments = ./SABnzbd.py -b 0 -f /datadir/config.ini -s 0.0.0.0:8080
2016-08-15 12:26:43,102::INFO::[SABnzbd:1261] Preferred encoding = UTF-8
2016-08-15 12:26:43,104::INFO::[SABnzbd:1309] Read INI file /datadir/config.ini
2016-08-15 12:26:43,109::INFO::[__init__:965] Loading data for queue9.sab from /datadir/admin/queue9.sab
2016-08-15 12:26:43,110::INFO::[__init__:968] /datadir/admin/queue9.sab missing
2016-08-15 12:26:43,111::INFO::[__init__:965] Loading data for queue8.sab from /datadir/admin/queue8.sab
2016-08-15 12:26:43,113::INFO::[__init__:968] /datadir/admin/queue8.sab missing
2016-08-15 12:26:43,114::INFO::[__init__:965] Loading data for queue7.sab from /datadir/admin/queue7.sab
2016-08-15 12:26:43,115::INFO::[__init__:968] /datadir/admin/queue7.sab missing
2016-08-15 12:26:43,130::INFO::[__init__:965] Loading data for rss_data.sab from /datadir/admin/rss_data.sab
2016-08-15 12:26:43,131::INFO::[__init__:968] /datadir/admin/rss_data.sab missing
2016-08-15 12:26:43,133::INFO::[__init__:965] Loading data for totals10.sab from /datadir/admin/totals10.sab
2016-08-15 12:26:43,134::INFO::[__init__:968] /datadir/admin/totals10.sab missing
2016-08-15 12:26:43,136::INFO::[__init__:965] Loading data for totals9.sab from /datadir/admin/totals9.sab
2016-08-15 12:26:43,137::INFO::[__init__:968] /datadir/admin/totals9.sab missing
2016-08-15 12:26:43,161::INFO::[postproc:89] Loading postproc queue
2016-08-15 12:26:43,162::INFO::[__init__:965] Loading data for postproc2.sab from /datadir/admin/postproc2.sab
2016-08-15 12:26:43,163::INFO::[__init__:968] /datadir/admin/postproc2.sab missing
2016-08-15 12:26:43,164::INFO::[__init__:965] Loading data for queue10.sab from /datadir/admin/queue10.sab
2016-08-15 12:26:43,166::INFO::[__init__:968] /datadir/admin/queue10.sab missing
2016-08-15 12:26:43,167::INFO::[__init__:965] Loading data for queue9.sab from /datadir/admin/queue9.sab
2016-08-15 12:26:43,168::INFO::[__init__:968] /datadir/admin/queue9.sab missing
2016-08-15 12:26:43,169::INFO::[__init__:965] Loading data for watched_data2.sab from /datadir/admin/watched_data2.sab
2016-08-15 12:26:43,170::INFO::[__init__:968] /datadir/admin/watched_data2.sab missing
2016-08-15 12:26:43,171::INFO::[__init__:965] Loading data for Rating.sab from /datadir/admin/Rating.sab
2016-08-15 12:26:43,172::INFO::[__init__:968] /datadir/admin/Rating.sab missing
2016-08-15 12:26:43,173::INFO::[scheduler:190] Setting schedule for midnight BPS reset
2016-08-15 12:26:43,174::INFO::[downloader:241] Resuming
2016-08-15 12:26:43,191::INFO::[__init__:350] All processes started
2016-08-15 12:26:43,192::INFO::[SABnzbd:355] Web dir is /sabnzbd/interfaces/Glitter
2016-08-15 12:26:43,193::INFO::[SABnzbd:355] Web dir is /sabnzbd/interfaces/Config
2016-08-15 12:26:43,216::INFO::[SABnzbd:488] _yenc module... NOT found!
2016-08-15 12:26:43,218::ERROR::[SABnzbd:493] par2 binary... NOT found!
2016-08-15 12:26:43,219::INFO::[SABnzbd:499] UNRAR binary... found (/usr/bin/unrar)
2016-08-15 12:26:43,220::INFO::[SABnzbd:505] unzip binary... found (/usr/bin/unzip)
2016-08-15 12:26:43,222::INFO::[SABnzbd:514] 7za binary... NOT found!
2016-08-15 12:26:43,223::INFO::[SABnzbd:518] nice binary... found (/bin/nice)
2016-08-15 12:26:43,223::INFO::[SABnzbd:522] ionice binary... found (/bin/ionice)
2016-08-15 12:26:43,224::INFO::[SABnzbd:529] pyOpenSSL... NOT found! - Try apt-get install python-openssl (SSL is optional)
2016-08-15 12:26:43,225::INFO::[SABnzbd:1372] SSL version None
2016-08-15 12:26:43,226::INFO::[SABnzbd:1373] pyOpenSSL version None
2016-08-15 12:26:43,227::INFO::[SABnzbd:1374] SSL potentially supported protocols ['SSLv2', 'SSLv23', 'SSLv3', 'TLSv1', 'TLSv1_1', 'TLSv1_2']
2016-08-15 12:26:43,227::INFO::[SABnzbd:1375] SSL actually supported protocols []
2016-08-15 12:26:43,229::INFO::[SABnzbd:1522] Starting web-interface on 0.0.0.0:8080
2016-08-15 12:26:43,230::INFO::[_cplogging:216] [15/Aug/2016:12:26:43] ENGINE Bus STARTING
2016-08-15 12:26:43,232::INFO::[_cplogging:216] [15/Aug/2016:12:26:43] ENGINE Started monitor thread '_TimeoutMonitor'.
2016-08-15 12:26:43,335::INFO::[_cplogging:216] [15/Aug/2016:12:26:43] ENGINE Serving on http://0.0.0.0:8080
2016-08-15 12:26:43,337::INFO::[_cplogging:216] [15/Aug/2016:12:26:43] ENGINE Bus STARTED
2016-08-15 12:26:43,339::INFO::[zconfig:64] No Bonjour/ZeroConfig support installed
2016-08-15 12:26:43,341::INFO::[SABnzbd:1594] Starting SABnzbd.py-1.0.x
2016-08-15 12:26:43,344::INFO::[dirscanner:302] Dirscanner starting up
2016-08-15 12:26:43,345::INFO::[urlgrabber:69] URLGrabber starting up
2016-08-15 14:16:03,357::INFO::[SABnzbd:1243] --------------------------------
2016-08-15 14:16:03,359::INFO::[SABnzbd:1244] SABnzbd.py-1.0.x (rev=unknown)
2016-08-15 14:16:03,360::INFO::[SABnzbd:1245] Full executable path = /sabnzbd/SABnzbd.py
2016-08-15 14:16:03,361::INFO::[SABnzbd:1257] Platform = posix
2016-08-15 14:16:03,362::INFO::[SABnzbd:1258] Python-version = 2.7.12 (default, Jun 29 2016, 08:57:23) 
[GCC 5.3.0]
2016-08-15 14:16:03,363::INFO::[SABnzbd:1259] Arguments = ./SABnzbd.py -b 0 -f /datadir/config.ini -s 0.0.0.0:8080
2016-08-15 14:16:03,364::INFO::[SABnzbd:1261] Preferred encoding = UTF-8
2016-08-15 14:16:03,365::INFO::[SABnzbd:1309] Read INI file /datadir/config.ini
2016-08-15 14:16:03,371::INFO::[__init__:965] Loading data for queue9.sab from /datadir/admin/queue9.sab
2016-08-15 14:16:03,372::INFO::[__init__:968] /datadir/admin/queue9.sab missing
2016-08-15 14:16:03,373::INFO::[__init__:965] Loading data for queue8.sab from /datadir/admin/queue8.sab
2016-08-15 14:16:03,374::INFO::[__init__:968] /datadir/admin/queue8.sab missing
2016-08-15 14:16:03,375::INFO::[__init__:965] Loading data for queue7.sab from /datadir/admin/queue7.sab
2016-08-15 14:16:03,376::INFO::[__init__:968] /datadir/admin/queue7.sab missing
2016-08-15 14:16:03,588::INFO::[__init__:965] Loading data for rss_data.sab from /datadir/admin/rss_data.sab
2016-08-15 14:16:03,591::INFO::[__init__:968] /datadir/admin/rss_data.sab missing
2016-08-15 14:16:03,593::INFO::[__init__:965] Loading data for totals10.sab from /datadir/admin/totals10.sab
2016-08-15 14:16:03,595::INFO::[__init__:968] /datadir/admin/totals10.sab missing
2016-08-15 14:16:03,596::INFO::[__init__:965] Loading data for totals9.sab from /datadir/admin/totals9.sab
2016-08-15 14:16:03,598::INFO::[__init__:968] /datadir/admin/totals9.sab missing
2016-08-15 14:16:03,623::INFO::[postproc:89] Loading postproc queue
2016-08-15 14:16:03,624::INFO::[__init__:965] Loading data for postproc2.sab from /datadir/admin/postproc2.sab
2016-08-15 14:16:03,626::INFO::[__init__:968] /datadir/admin/postproc2.sab missing
2016-08-15 14:16:03,628::INFO::[__init__:965] Loading data for queue10.sab from /datadir/admin/queue10.sab
2016-08-15 14:16:03,629::INFO::[__init__:968] /datadir/admin/queue10.sab missing
2016-08-15 14:16:03,631::INFO::[__init__:965] Loading data for queue9.sab from /datadir/admin/queue9.sab
2016-08-15 14:16:03,632::INFO::[__init__:968] /datadir/admin/queue9.sab missing
2016-08-15 14:16:03,633::INFO::[__init__:965] Loading data for watched_data2.sab from /datadir/admin/watched_data2.sab
2016-08-15 14:16:03,635::INFO::[__init__:968] /datadir/admin/watched_data2.sab missing
2016-08-15 14:16:03,636::INFO::[__init__:965] Loading data for Rating.sab from /datadir/admin/Rating.sab
2016-08-15 14:16:03,638::INFO::[__init__:968] /datadir/admin/Rating.sab missing
2016-08-15 14:16:03,639::INFO::[scheduler:190] Setting schedule for midnight BPS reset
2016-08-15 14:16:03,640::INFO::[downloader:241] Resuming
2016-08-15 14:16:03,656::INFO::[__init__:350] All processes started
2016-08-15 14:16:03,657::INFO::[SABnzbd:355] Web dir is /sabnzbd/interfaces/Glitter
2016-08-15 14:16:03,658::INFO::[SABnzbd:355] Web dir is /sabnzbd/interfaces/Config
2016-08-15 14:16:03,688::INFO::[SABnzbd:483] _yenc module... found!
2016-08-15 14:16:03,689::INFO::[SABnzbd:491] par2 binary... found (/usr/local/bin/par2)
2016-08-15 14:16:03,690::INFO::[SABnzbd:496] par2-classic binary... found (/usr/local/bin/par2)
2016-08-15 14:16:03,691::INFO::[SABnzbd:499] UNRAR binary... found (/usr/bin/unrar)
2016-08-15 14:16:03,692::INFO::[SABnzbd:505] unzip binary... found (/usr/bin/unzip)
2016-08-15 14:16:03,693::INFO::[SABnzbd:511] 7za binary... found (/usr/bin/7za)
2016-08-15 14:16:03,695::INFO::[SABnzbd:518] nice binary... found (/bin/nice)
2016-08-15 14:16:03,696::INFO::[SABnzbd:522] ionice binary... found (/bin/ionice)
2016-08-15 14:16:03,697::INFO::[SABnzbd:527] pyOpenSSL... found (True)
2016-08-15 14:16:03,697::INFO::[SABnzbd:1372] SSL version OpenSSL 1.0.2h  3 May 2016
2016-08-15 14:16:03,698::INFO::[SABnzbd:1373] pyOpenSSL version 0.15.1
2016-08-15 14:16:03,699::INFO::[SABnzbd:1374] SSL potentially supported protocols ['SSLv2', 'SSLv23', 'SSLv3', 'TLSv1', 'TLSv1_1', 'TLSv1_2']
2016-08-15 14:16:03,700::INFO::[SABnzbd:1375] SSL actually supported protocols ['t12', 't11', 't1', 'v23', 'v3', 'v2']
2016-08-15 14:16:03,702::INFO::[SABnzbd:1522] Starting web-interface on 0.0.0.0:8080
2016-08-15 14:16:03,703::INFO::[_cplogging:216] [15/Aug/2016:14:16:03] ENGINE Bus STARTING
2016-08-15 14:16:03,705::INFO::[_cplogging:216] [15/Aug/2016:14:16:03] ENGINE Started monitor thread '_TimeoutMonitor'.
2016-08-15 14:16:03,808::INFO::[_cplogging:216] [15/Aug/2016:14:16:03] ENGINE Serving on http://0.0.0.0:8080
2016-08-15 14:16:03,810::INFO::[_cplogging:216] [15/Aug/2016:14:16:03] ENGINE Bus STARTED
2016-08-15 14:16:03,812::INFO::[zconfig:64] No Bonjour/ZeroConfig support installed
2016-08-15 14:16:03,814::INFO::[SABnzbd:1594] Starting SABnzbd.py-1.0.x
2016-08-15 14:16:03,818::INFO::[dirscanner:302] Dirscanner starting up
2016-08-15 14:16:03,819::INFO::[urlgrabber:69] URLGrabber starting up
